{
  "stats": {
    "suites": 1,
    "tests": 4,
    "passes": 4,
    "pending": 0,
    "failures": 0,
    "start": "2020-05-21T21:29:01.772Z",
    "end": "2020-05-21T21:31:32.639Z",
    "duration": 150867,
    "testsRegistered": 4,
    "passPercent": 100,
    "pendingPercent": 0,
    "other": 0,
    "hasOther": false,
    "skipped": 0,
    "hasSkipped": false
  },
  "results": [
    {
      "uuid": "becf56ee-646b-47ef-8cf6-b680d8f242ae",
      "title": "",
      "fullFile": "cypress\\integration\\multiple_logins.spec.js",
      "file": "cypress\\integration\\multiple_logins.spec.js",
      "beforeHooks": [],
      "afterHooks": [],
      "tests": [],
      "suites": [
        {
          "uuid": "6f4872e8-54be-4b70-8b8d-fccc9b459861",
          "title": "Multiple Login Scenarios",
          "fullFile": "",
          "file": "",
          "beforeHooks": [],
          "afterHooks": [],
          "tests": [
            {
              "title": "Sign In Flow Test for user : johncooper",
              "fullTitle": "Multiple Login Scenarios Sign In Flow Test for user : johncooper",
              "timedOut": null,
              "duration": 58264,
              "state": "passed",
              "speed": "slow",
              "pass": true,
              "fail": false,
              "pending": false,
              "context": null,
              "code": "//Following multiple sign in case is blocker due to REQUEST THROTTLE issue that deactivate the account.\n//Applied cy.wait but still facing the same issue so alternative solution: automate the multiple user sign in \n//verification via registration flow.\n// cy.get('.select-signin')\n//   .click()  \n// cy.get('[id=\"join_neu_email_field\"]')\n//   .type(cred.email)\n// cy.get('[id=\"join_neu_password_field\"]')\n//   .type(cred.pass)\n// cy.wait(10000)  \n// cy.get('[name=\"submit_attempt\"]')  \n//   .click()\n// cy.wait(10000)\ncy.get('.select-signin').should('contain', 'Sign in').click();\ncy.get('.select-register').should('contain', 'Register').click(); //Code handle in command.js        \ncy.registration(cred.user + rand + \"@gmail.com\", cred.user, cred.pass);\ncy.get('.sign-out').click();",
              "err": {},
              "uuid": "a86f0ede-8192-409a-9dd6-44e2728b380e",
              "parentUUID": "6f4872e8-54be-4b70-8b8d-fccc9b459861",
              "isHook": false,
              "skipped": false
            },
            {
              "title": "Sign In Flow Test for user : johncarlos",
              "fullTitle": "Multiple Login Scenarios Sign In Flow Test for user : johncarlos",
              "timedOut": null,
              "duration": 48599,
              "state": "passed",
              "speed": "slow",
              "pass": true,
              "fail": false,
              "pending": false,
              "context": null,
              "code": "//Following multiple sign in case is blocker due to REQUEST THROTTLE issue that deactivate the account.\n//Applied cy.wait but still facing the same issue so alternative solution: automate the multiple user sign in \n//verification via registration flow.\n// cy.get('.select-signin')\n//   .click()  \n// cy.get('[id=\"join_neu_email_field\"]')\n//   .type(cred.email)\n// cy.get('[id=\"join_neu_password_field\"]')\n//   .type(cred.pass)\n// cy.wait(10000)  \n// cy.get('[name=\"submit_attempt\"]')  \n//   .click()\n// cy.wait(10000)\ncy.get('.select-signin').should('contain', 'Sign in').click();\ncy.get('.select-register').should('contain', 'Register').click(); //Code handle in command.js        \ncy.registration(cred.user + rand + \"@gmail.com\", cred.user, cred.pass);\ncy.get('.sign-out').click();",
              "err": {},
              "uuid": "9694ac11-8d0f-4368-9f73-42c10a3a3732",
              "parentUUID": "6f4872e8-54be-4b70-8b8d-fccc9b459861",
              "isHook": false,
              "skipped": false
            },
            {
              "title": "Sign In Flow Test for user : johnwick",
              "fullTitle": "Multiple Login Scenarios Sign In Flow Test for user : johnwick",
              "timedOut": null,
              "duration": 22602,
              "state": "passed",
              "speed": "slow",
              "pass": true,
              "fail": false,
              "pending": false,
              "context": null,
              "code": "//Following multiple sign in case is blocker due to REQUEST THROTTLE issue that deactivate the account.\n//Applied cy.wait but still facing the same issue so alternative solution: automate the multiple user sign in \n//verification via registration flow.\n// cy.get('.select-signin')\n//   .click()  \n// cy.get('[id=\"join_neu_email_field\"]')\n//   .type(cred.email)\n// cy.get('[id=\"join_neu_password_field\"]')\n//   .type(cred.pass)\n// cy.wait(10000)  \n// cy.get('[name=\"submit_attempt\"]')  \n//   .click()\n// cy.wait(10000)\ncy.get('.select-signin').should('contain', 'Sign in').click();\ncy.get('.select-register').should('contain', 'Register').click(); //Code handle in command.js        \ncy.registration(cred.user + rand + \"@gmail.com\", cred.user, cred.pass);\ncy.get('.sign-out').click();",
              "err": {},
              "uuid": "ad7d5050-b41f-4819-adff-6f8764d134c0",
              "parentUUID": "6f4872e8-54be-4b70-8b8d-fccc9b459861",
              "isHook": false,
              "skipped": false
            },
            {
              "title": "Verify validation error on login failure",
              "fullTitle": "Multiple Login Scenarios Verify validation error on login failure",
              "timedOut": null,
              "duration": 16472,
              "state": "passed",
              "speed": "slow",
              "pass": true,
              "fail": false,
              "pending": false,
              "context": null,
              "code": "cy.get('.select-signin').should('contain', 'Sign in').click();\ncy.get('[id=\"join_neu_email_field\"]').type('babyshark1@gmail.com');\ncy.get('[id=\"join_neu_password_field\"]').type('check1234');\ncy.get('[name=\"submit_attempt\"]').click();\ncy.get('[id=\"aria-join_neu_email_field-error\"]').should('contain', 'Email address is invalid.');",
              "err": {},
              "uuid": "c1a49151-672d-4f10-8c62-ce5378fc5a86",
              "parentUUID": "6f4872e8-54be-4b70-8b8d-fccc9b459861",
              "isHook": false,
              "skipped": false
            }
          ],
          "suites": [],
          "passes": [
            "a86f0ede-8192-409a-9dd6-44e2728b380e",
            "9694ac11-8d0f-4368-9f73-42c10a3a3732",
            "ad7d5050-b41f-4819-adff-6f8764d134c0",
            "c1a49151-672d-4f10-8c62-ce5378fc5a86"
          ],
          "failures": [],
          "pending": [],
          "skipped": [],
          "duration": 145937,
          "root": false,
          "rootEmpty": false,
          "_timeout": 2000
        }
      ],
      "passes": [],
      "failures": [],
      "pending": [],
      "skipped": [],
      "duration": 0,
      "root": true,
      "rootEmpty": true,
      "_timeout": 2000
    }
  ],
  "meta": {
    "mocha": {
      "version": "7.0.1"
    },
    "mochawesome": {
      "options": {
        "quiet": false,
        "reportFilename": "mochawesome",
        "saveHtml": false,
        "saveJson": true,
        "consoleReporter": "spec",
        "useInlineDiffs": false,
        "code": true
      },
      "version": "6.1.1"
    },
    "marge": {
      "options": {
        "id": "default",
        "reportDir": "cypress/reports/mocha",
        "quite": true,
        "overwrite": false,
        "html": false,
        "json": true
      },
      "version": "5.1.0"
    }
  }
}